app/build/intermediates/manifest_merge_blame_file/debug/manifest-merger-blame-debug-report.txt
1<?xml version="1.0" encoding="utf-8"?>
2<manifest xmlns:android="http://schemas.android.com/apk/res/android"
3    package="com.catpaw.chesshelper"
4    android:versionCode="1"
5    android:versionName="1.0" >
6
7    <uses-sdk
8        android:minSdkVersion="24"
9        android:targetSdkVersion="34" />
10
11    <!-- 悬浮窗权限 -->
12    <uses-permission android:name="android.permission.SYSTEM_ALERT_WINDOW" />
12-->src/main/AndroidManifest.xml:7:5-78
12-->src/main/AndroidManifest.xml:7:22-75
13    <!-- 前台服务权限 -->
14    <uses-permission android:name="android.permission.FOREGROUND_SERVICE" />
14-->src/main/AndroidManifest.xml:9:5-77
14-->src/main/AndroidManifest.xml:9:22-74
15    <uses-permission android:name="android.permission.FOREGROUND_SERVICE_SPECIAL_USE" />
15-->src/main/AndroidManifest.xml:10:5-89
15-->src/main/AndroidManifest.xml:10:22-86
16    <!-- 网络权限 -->
17    <uses-permission android:name="android.permission.INTERNET" />
17-->src/main/AndroidManifest.xml:12:5-67
17-->src/main/AndroidManifest.xml:12:22-64
18    <uses-permission android:name="android.permission.ACCESS_NETWORK_STATE" />
18-->src/main/AndroidManifest.xml:13:5-79
18-->src/main/AndroidManifest.xml:13:22-76
19    <!-- 截屏权限 -->
20    <uses-permission android:name="android.permission.PROJECT_MEDIA" />
20-->src/main/AndroidManifest.xml:15:5-72
20-->src/main/AndroidManifest.xml:15:22-69
21
22    <permission
22-->[androidx.core:core:1.9.0] AndroidManifest.xml:22:5-24:47
23        android:name="com.catpaw.chesshelper.DYNAMIC_RECEIVER_NOT_EXPORTED_PERMISSION"
23-->[androidx.core:core:1.9.0] AndroidManifest.xml:23:9-81
24        android:protectionLevel="signature" />
24-->[androidx.core:core:1.9.0] AndroidManifest.xml:24:9-44
25
26    <uses-permission android:name="com.catpaw.chesshelper.DYNAMIC_RECEIVER_NOT_EXPORTED_PERMISSION" />
26-->[androidx.core:core:1.9.0] AndroidManifest.xml:26:5-97
26-->[androidx.core:core:1.9.0] AndroidManifest.xml:26:22-94
27
28    <application
28-->src/main/AndroidManifest.xml:17:5-71:19
29        android:name="com.catpaw.chesshelper.ChessApplication"
29-->src/main/AndroidManifest.xml:18:9-41
30        android:allowBackup="true"
30-->src/main/AndroidManifest.xml:19:9-35
31        android:appComponentFactory="androidx.core.app.CoreComponentFactory"
31-->[androidx.core:core:1.9.0] AndroidManifest.xml:28:18-86
32        android:debuggable="true"
33        android:extractNativeLibs="false"
34        android:icon="@drawable/ic_chess"
34-->src/main/AndroidManifest.xml:20:9-42
35        android:label="@string/app_name"
35-->src/main/AndroidManifest.xml:21:9-41
36        android:roundIcon="@drawable/ic_chess"
36-->src/main/AndroidManifest.xml:22:9-47
37        android:supportsRtl="true"
37-->src/main/AndroidManifest.xml:23:9-35
38        android:theme="@style/Theme.ChessHelper" >
38-->src/main/AndroidManifest.xml:24:9-49
39
40        <!-- 主Activity -->
41        <activity
41-->src/main/AndroidManifest.xml:28:9-36:20
42            android:name="com.catpaw.chesshelper.ui.MainActivity"
42-->src/main/AndroidManifest.xml:29:13-44
43            android:exported="true"
43-->src/main/AndroidManifest.xml:30:13-36
44            android:theme="@style/Theme.ChessHelper" >
44-->src/main/AndroidManifest.xml:31:13-53
45            <intent-filter>
45-->src/main/AndroidManifest.xml:32:13-35:29
46                <action android:name="android.intent.action.MAIN" />
46-->src/main/AndroidManifest.xml:33:17-69
46-->src/main/AndroidManifest.xml:33:25-66
47
48                <category android:name="android.intent.category.LAUNCHER" />
48-->src/main/AndroidManifest.xml:34:17-77
48-->src/main/AndroidManifest.xml:34:27-74
49            </intent-filter>
50        </activity>
51
52        <!-- 配置Activity -->
53        <activity
53-->src/main/AndroidManifest.xml:39:9-43:65
54            android:name="com.catpaw.chesshelper.ui.SettingsActivity"
54-->src/main/AndroidManifest.xml:40:13-48
55            android:exported="false"
55-->src/main/AndroidManifest.xml:41:13-37
56            android:label="@string/settings_title"
56-->src/main/AndroidManifest.xml:42:13-51
57            android:theme="@style/Theme.ChessHelper.Settings" />
57-->src/main/AndroidManifest.xml:43:13-62
58
59        <!-- 无障碍服务 -->
60        <service
60-->src/main/AndroidManifest.xml:46:9-57:19
61            android:name="com.catpaw.chesshelper.service.ChessAccessibilityService"
61-->src/main/AndroidManifest.xml:47:13-62
62            android:exported="true"
62-->src/main/AndroidManifest.xml:48:13-36
63            android:foregroundServiceType="specialUse"
63-->src/main/AndroidManifest.xml:50:13-55
64            android:permission="android.permission.BIND_ACCESSIBILITY_SERVICE" >
64-->src/main/AndroidManifest.xml:49:13-79
65            <intent-filter>
65-->src/main/AndroidManifest.xml:51:13-53:29
66                <action android:name="android.accessibilityservice.AccessibilityService" />
66-->src/main/AndroidManifest.xml:52:17-92
66-->src/main/AndroidManifest.xml:52:25-89
67            </intent-filter>
68
69            <meta-data
69-->src/main/AndroidManifest.xml:54:13-56:72
70                android:name="android.accessibilityservice"
70-->src/main/AndroidManifest.xml:55:17-60
71                android:resource="@xml/accessibility_service_config" />
71-->src/main/AndroidManifest.xml:56:17-69
72        </service>
73
74        <!-- 悬浮窗服务 -->
75        <service
75-->src/main/AndroidManifest.xml:60:9-63:58
76            android:name="com.catpaw.chesshelper.service.FloatingWindowService"
76-->src/main/AndroidManifest.xml:61:13-58
77            android:exported="false"
77-->src/main/AndroidManifest.xml:62:13-37
78            android:foregroundServiceType="specialUse" />
78-->src/main/AndroidManifest.xml:63:13-55
79
80        <!-- 截屏服务 - 使用MediaProjection -->
81        <service
81-->src/main/AndroidManifest.xml:66:9-69:63
82            android:name="com.catpaw.chesshelper.service.ScreenCaptureService"
82-->src/main/AndroidManifest.xml:67:13-57
83            android:exported="false"
83-->src/main/AndroidManifest.xml:68:13-37
84            android:foregroundServiceType="mediaProjection" />
84-->src/main/AndroidManifest.xml:69:13-60
85
86        <provider
86-->[androidx.emoji2:emoji2:1.2.0] AndroidManifest.xml:24:9-32:20
87            android:name="androidx.startup.InitializationProvider"
87-->[androidx.emoji2:emoji2:1.2.0] AndroidManifest.xml:25:13-67
88            android:authorities="com.catpaw.chesshelper.androidx-startup"
88-->[androidx.emoji2:emoji2:1.2.0] AndroidManifest.xml:26:13-68
89            android:exported="false" >
89-->[androidx.emoji2:emoji2:1.2.0] AndroidManifest.xml:27:13-37
90            <meta-data
90-->[androidx.emoji2:emoji2:1.2.0] AndroidManifest.xml:29:13-31:52
91                android:name="androidx.emoji2.text.EmojiCompatInitializer"
91-->[androidx.emoji2:emoji2:1.2.0] AndroidManifest.xml:30:17-75
92                android:value="androidx.startup" />
92-->[androidx.emoji2:emoji2:1.2.0] AndroidManifest.xml:31:17-49
93            <meta-data
93-->[androidx.lifecycle:lifecycle-process:2.7.0] AndroidManifest.xml:29:13-31:52
94                android:name="androidx.lifecycle.ProcessLifecycleInitializer"
94-->[androidx.lifecycle:lifecycle-process:2.7.0] AndroidManifest.xml:30:17-78
95                android:value="androidx.startup" />
95-->[androidx.lifecycle:lifecycle-process:2.7.0] AndroidManifest.xml:31:17-49
96            <meta-data
96-->[androidx.profileinstaller:profileinstaller:1.3.0] AndroidManifest.xml:29:13-31:52
97                android:name="androidx.profileinstaller.ProfileInstallerInitializer"
97-->[androidx.profileinstaller:profileinstaller:1.3.0] AndroidManifest.xml:30:17-85
98                android:value="androidx.startup" />
98-->[androidx.profileinstaller:profileinstaller:1.3.0] AndroidManifest.xml:31:17-49
99        </provider>
100
101        <uses-library
101-->[androidx.window:window:1.0.0] AndroidManifest.xml:25:9-27:40
102            android:name="androidx.window.extensions"
102-->[androidx.window:window:1.0.0] AndroidManifest.xml:26:13-54
103            android:required="false" />
103-->[androidx.window:window:1.0.0] AndroidManifest.xml:27:13-37
104        <uses-library
104-->[androidx.window:window:1.0.0] AndroidManifest.xml:28:9-30:40
105            android:name="androidx.window.sidecar"
105-->[androidx.window:window:1.0.0] AndroidManifest.xml:29:13-51
106            android:required="false" />
106-->[androidx.window:window:1.0.0] AndroidManifest.xml:30:13-37
107
108        <receiver
108-->[androidx.profileinstaller:profileinstaller:1.3.0] AndroidManifest.xml:34:9-52:20
109            android:name="androidx.profileinstaller.ProfileInstallReceiver"
109-->[androidx.profileinstaller:profileinstaller:1.3.0] AndroidManifest.xml:35:13-76
110            android:directBootAware="false"
110-->[androidx.profileinstaller:profileinstaller:1.3.0] AndroidManifest.xml:36:13-44
111            android:enabled="true"
111-->[androidx.profileinstaller:profileinstaller:1.3.0] AndroidManifest.xml:37:13-35
112            android:exported="true"
112-->[androidx.profileinstaller:profileinstaller:1.3.0] AndroidManifest.xml:38:13-36
113            android:permission="android.permission.DUMP" >
113-->[androidx.profileinstaller:profileinstaller:1.3.0] AndroidManifest.xml:39:13-57
114            <intent-filter>
114-->[androidx.profileinstaller:profileinstaller:1.3.0] AndroidManifest.xml:40:13-42:29
115                <action android:name="androidx.profileinstaller.action.INSTALL_PROFILE" />
115-->[androidx.profileinstaller:profileinstaller:1.3.0] AndroidManifest.xml:41:17-91
115-->[androidx.profileinstaller:profileinstaller:1.3.0] AndroidManifest.xml:41:25-88
116            </intent-filter>
117            <intent-filter>
117-->[androidx.profileinstaller:profileinstaller:1.3.0] AndroidManifest.xml:43:13-45:29
118                <action android:name="androidx.profileinstaller.action.SKIP_FILE" />
118-->[androidx.profileinstaller:profileinstaller:1.3.0] AndroidManifest.xml:44:17-85
118-->[androidx.profileinstaller:profileinstaller:1.3.0] AndroidManifest.xml:44:25-82
119            </intent-filter>
120            <intent-filter>
120-->[androidx.profileinstaller:profileinstaller:1.3.0] AndroidManifest.xml:46:13-48:29
121                <action android:name="androidx.profileinstaller.action.SAVE_PROFILE" />
121-->[androidx.profileinstaller:profileinstaller:1.3.0] AndroidManifest.xml:47:17-88
121-->[androidx.profileinstaller:profileinstaller:1.3.0] AndroidManifest.xml:47:25-85
122            </intent-filter>
123            <intent-filter>
123-->[androidx.profileinstaller:profileinstaller:1.3.0] AndroidManifest.xml:49:13-51:29
124                <action android:name="androidx.profileinstaller.action.BENCHMARK_OPERATION" />
124-->[androidx.profileinstaller:profileinstaller:1.3.0] AndroidManifest.xml:50:17-95
124-->[androidx.profileinstaller:profileinstaller:1.3.0] AndroidManifest.xml:50:25-92
125            </intent-filter>
126        </receiver>
127    </application>
128
129</manifest>